{
  "RSpec": {
    "coverage": {
      "/Users/mirandadelaney/Desktop/mod4/capstone/tddah_be/spec/facades/repo_spec.rb": {
        "lines": [

        ]
      },
      "/Users/mirandadelaney/Desktop/mod4/capstone/tddah_be/spec/models/achievement_spec.rb": {
        "lines": [
          1,
          null,
          1,
          1,
          2,
          2,
          2,
          2,
          null,
          null,
          null,
          null
        ]
      },
      "/Users/mirandadelaney/Desktop/mod4/capstone/tddah_be/spec/rails_helper.rb": {
        "lines": [
          null,
          1,
          1,
          1,
          null,
          1,
          1,
          null,
          null,
          null,
          null,
          null,
          null,
          null,
          null,
          null,
          null,
          null,
          null,
          null,
          null,
          null,
          null,
          null,
          null,
          null,
          null,
          1,
          null,
          0,
          null,
          1,
          null,
          1,
          null,
          null,
          null,
          null,
          null,
          null,
          1,
          null,
          null,
          null,
          null,
          null,
          null,
          null,
          null,
          null,
          null,
          null,
          null,
          null,
          null,
          null,
          null,
          null,
          1,
          null,
          null,
          1,
          null,
          null,
          null,
          1,
          1,
          1,
          1,
          null,
          null
        ]
      },
      "/Users/mirandadelaney/Desktop/mod4/capstone/tddah_be/config/environment.rb": {
        "lines": [
          null,
          1,
          null,
          null,
          1
        ]
      },
      "/Users/mirandadelaney/Desktop/mod4/capstone/tddah_be/config/application.rb": {
        "lines": [
          1,
          null,
          1,
          null,
          1,
          1,
          1,
          1,
          1,
          1,
          1,
          1,
          1,
          1,
          null,
          null,
          null,
          null,
          1,
          null,
          1,
          1,
          null,
          1,
          null,
          null,
          null,
          null,
          1,
          null,
          null,
          null,
          null,
          null,
          null,
          null,
          null,
          null,
          null,
          null,
          null,
          1,
          null,
          null
        ]
      },
      "/Users/mirandadelaney/Desktop/mod4/capstone/tddah_be/config/boot.rb": {
        "lines": [
          1,
          null,
          1,
          1
        ]
      },
      "/Users/mirandadelaney/Desktop/mod4/capstone/tddah_be/config/environments/test.rb": {
        "lines": [
          1,
          null,
          null,
          null,
          null,
          null,
          null,
          1,
          null,
          null,
          null,
          1,
          null,
          null,
          null,
          null,
          null,
          1,
          null,
          null,
          1,
          1,
          null,
          null,
          null,
          null,
          1,
          1,
          1,
          null,
          null,
          1,
          null,
          null,
          1,
          null,
          null,
          1,
          null,
          1,
          null,
          null,
          null,
          null,
          1,
          null,
          null,
          1,
          null,
          null,
          1,
          null,
          null,
          1,
          null,
          null,
          null,
          null,
          null,
          null,
          null,
          null,
          1,
          null
        ]
      },
      "/Users/mirandadelaney/Desktop/mod4/capstone/tddah_be/config/initializers/cors.rb": {
        "lines": [
          null,
          null,
          null,
          null,
          null,
          null,
          null,
          1,
          1,
          1,
          1,
          null,
          null
        ]
      },
      "/Users/mirandadelaney/Desktop/mod4/capstone/tddah_be/config/initializers/filter_parameter_logging.rb": {
        "lines": [
          null,
          null,
          null,
          null,
          null,
          1,
          null,
          null
        ]
      },
      "/Users/mirandadelaney/Desktop/mod4/capstone/tddah_be/config/initializers/inflections.rb": {
        "lines": [
          null,
          null,
          null,
          null,
          null,
          null,
          null,
          null,
          null,
          null,
          null,
          null,
          null,
          null,
          null,
          null
        ]
      },
      "/Users/mirandadelaney/Desktop/mod4/capstone/tddah_be/config/routes.rb": {
        "lines": [
          1,
          null,
          null,
          null,
          null,
          1,
          null,
          null,
          null,
          null,
          1,
          1,
          1,
          1,
          1,
          1,
          null,
          null,
          null,
          null,
          null
        ]
      },
      "/Users/mirandadelaney/Desktop/mod4/capstone/tddah_be/app/models/achievement.rb": {
        "lines": [
          1,
          1,
          1,
          1,
          1,
          null
        ]
      },
      "/Users/mirandadelaney/Desktop/mod4/capstone/tddah_be/app/models/application_record.rb": {
        "lines": [
          1,
          1,
          null
        ]
      },
      "/Users/mirandadelaney/Desktop/mod4/capstone/tddah_be/spec/models/repo_achievement_spec.rb": {
        "lines": [
          1,
          null,
          1,
          2,
          2,
          null
        ]
      },
      "/Users/mirandadelaney/Desktop/mod4/capstone/tddah_be/app/models/repo_achievement.rb": {
        "lines": [
          1,
          1,
          1,
          null
        ]
      },
      "/Users/mirandadelaney/Desktop/mod4/capstone/tddah_be/spec/models/repo_spec.rb": {
        "lines": [
          1,
          null,
          1,
          1,
          2,
          2,
          2,
          null,
          null,
          1,
          1,
          1,
          null,
          null,
          null
        ]
      },
      "/Users/mirandadelaney/Desktop/mod4/capstone/tddah_be/app/models/repo.rb": {
        "lines": [
          1,
          1,
          null,
          1,
          1,
          null
        ]
      },
      "/Users/mirandadelaney/Desktop/mod4/capstone/tddah_be/spec/models/user_spec.rb": {
        "lines": [
          1,
          null,
          1,
          1,
          2,
          2,
          2,
          2,
          2,
          2,
          null,
          null,
          null,
          1,
          1,
          1,
          null,
          null
        ]
      },
      "/Users/mirandadelaney/Desktop/mod4/capstone/tddah_be/app/models/user.rb": {
        "lines": [
          1,
          1,
          null,
          1,
          1,
          1,
          1,
          1,
          null
        ]
      },
      "/Users/mirandadelaney/Desktop/mod4/capstone/tddah_be/spec/requests/api/v1/achievement_request_spec.rb": {
        "lines": [
          1,
          null,
          1,
          null,
          1,
          3,
          3,
          null,
          null,
          1,
          1,
          1,
          null,
          1,
          1,
          1,
          1,
          null,
          null,
          null,
          1,
          1,
          null,
          1,
          null,
          null,
          null,
          1,
          null,
          1,
          null,
          1,
          null,
          1,
          null,
          1,
          1,
          null,
          null,
          1,
          null,
          1,
          null,
          null,
          null,
          1,
          null,
          1,
          null,
          1,
          1,
          null,
          null,
          null
        ]
      },
      "/Users/mirandadelaney/Desktop/mod4/capstone/tddah_be/spec/requests/api/v1/repo_achievement_request_spec.rb": {
        "lines": [
          1,
          null,
          1,
          null,
          1,
          1,
          1,
          1,
          1,
          null,
          null,
          null,
          null,
          null,
          1,
          1,
          1,
          null,
          1,
          1,
          null,
          null,
          null
        ]
      },
      "/Users/mirandadelaney/Desktop/mod4/capstone/tddah_be/spec/requests/api/v1/repos_request_spec.rb": {
        "lines": [
          1,
          null,
          1,
          null,
          1,
          8,
          8,
          8,
          null,
          null,
          1,
          1,
          1,
          1,
          1,
          1,
          1,
          1,
          1,
          1,
          1,
          1,
          null,
          null,
          null,
          1,
          1,
          1,
          1,
          1,
          1,
          1,
          1,
          1,
          null,
          null,
          1,
          1,
          null,
          1,
          null,
          1,
          1,
          null,
          1,
          null,
          null,
          null,
          1,
          1,
          null,
          1,
          null,
          null,
          null,
          null,
          1,
          null,
          1,
          null,
          1,
          null,
          1,
          null,
          1,
          1,
          null,
          null,
          1,
          null,
          1,
          null,
          null,
          null,
          null,
          1,
          null,
          1,
          null,
          1,
          1,
          null,
          null,
          1,
          null,
          1,
          null,
          null,
          null,
          null,
          1,
          null,
          1,
          null,
          1,
          1,
          1,
          null,
          null,
          null,
          1,
          1,
          1,
          null,
          1,
          null,
          1,
          1,
          2,
          null,
          null,
          1,
          1,
          null,
          1,
          null,
          1,
          null,
          1,
          1,
          1,
          null,
          null,
          null
        ]
      },
      "/Users/mirandadelaney/Desktop/mod4/capstone/tddah_be/spec/requests/api/v1/users_request_spec.rb": {
        "lines": [
          1,
          null,
          1,
          1,
          1,
          1,
          1,
          1,
          null,
          1,
          null,
          1,
          null,
          1,
          null,
          1,
          1,
          null,
          1,
          3,
          null,
          3,
          3,
          null,
          3,
          3,
          null,
          3,
          3,
          null,
          null,
          null,
          null,
          1,
          1,
          1,
          1,
          null,
          1,
          null,
          1,
          null,
          1,
          null,
          1,
          null,
          1,
          null,
          1,
          1,
          null,
          1,
          1,
          null,
          1,
          1,
          null,
          null,
          null,
          1,
          1,
          null,
          1,
          null,
          null,
          null,
          null,
          null,
          1,
          null,
          1,
          null,
          1,
          null,
          1,
          1,
          1,
          1,
          1,
          null,
          null,
          1,
          null,
          1,
          null,
          null,
          null,
          null,
          null,
          1,
          null,
          1,
          null,
          1,
          null,
          1,
          1,
          null,
          null,
          null,
          1,
          1,
          1,
          null,
          1,
          null,
          1,
          null,
          1,
          1,
          2,
          null,
          null,
          null
        ]
      },
      "/Users/mirandadelaney/Desktop/mod4/capstone/tddah_be/spec/services/github_service_spec.rb": {
        "lines": [
          1,
          null,
          1,
          null,
          1,
          3,
          3,
          3,
          null,
          null,
          1,
          1,
          1,
          1,
          null,
          null,
          1,
          1,
          null,
          1,
          1,
          null,
          null,
          1,
          1,
          1,
          null,
          1,
          1,
          null,
          null
        ]
      },
      "/Users/mirandadelaney/Desktop/mod4/capstone/tddah_be/app/controllers/api/v1/achievements_controller.rb": {
        "lines": [
          1,
          null,
          null,
          1,
          1,
          1,
          null,
          null,
          null,
          1,
          2,
          null,
          2,
          1,
          null,
          1,
          null,
          null,
          null,
          1,
          null,
          1,
          2,
          null,
          null
        ]
      },
      "/Users/mirandadelaney/Desktop/mod4/capstone/tddah_be/app/controllers/application_controller.rb": {
        "lines": [
          1,
          null
        ]
      },
      "/Users/mirandadelaney/Desktop/mod4/capstone/tddah_be/app/serializers/achievement_serializer.rb": {
        "lines": [
          1,
          1,
          null,
          1,
          null
        ]
      },
      "/Users/mirandadelaney/Desktop/mod4/capstone/tddah_be/app/controllers/api/v1/repo_achievements_controller.rb": {
        "lines": [
          1,
          null,
          null,
          1,
          null,
          null
        ]
      },
      "/Users/mirandadelaney/Desktop/mod4/capstone/tddah_be/app/controllers/api/v1/repos_controller.rb": {
        "lines": [
          1,
          null,
          1,
          1,
          1,
          null,
          1,
          null,
          2,
          null,
          2,
          0,
          null,
          2,
          null,
          null,
          1,
          null,
          null,
          null,
          1,
          2,
          null,
          2,
          null,
          1,
          null,
          1,
          null,
          null,
          null,
          null,
          1,
          3,
          null,
          3,
          1,
          null,
          2,
          null,
          2,
          1,
          null,
          1,
          null,
          null,
          null,
          null,
          null,
          1,
          2,
          2,
          null,
          1,
          0,
          null,
          1,
          null,
          null,
          null,
          1,
          null,
          1,
          8,
          null,
          null
        ]
      },
      "/Users/mirandadelaney/Desktop/mod4/capstone/tddah_be/app/facades/repo_facade.rb": {
        "lines": [
          1,
          1,
          1,
          null,
          1,
          4,
          4,
          4,
          null,
          4,
          1,
          null,
          3,
          null,
          null,
          null,
          null,
          null,
          null,
          null,
          null,
          null,
          null,
          null,
          1,
          4,
          4,
          null,
          4,
          null,
          null,
          3,
          3,
          null,
          null,
          null,
          1,
          5,
          5,
          null,
          null,
          1,
          4,
          4,
          4,
          null,
          null,
          null,
          null,
          null,
          null,
          null
        ]
      },
      "/Users/mirandadelaney/Desktop/mod4/capstone/tddah_be/app/services/github_service.rb": {
        "lines": [
          1,
          1,
          7,
          null,
          null,
          1,
          7,
          null,
          7,
          null,
          6,
          null,
          1,
          null,
          0,
          null,
          null,
          null,
          1,
          7,
          null,
          null
        ]
      },
      "/Users/mirandadelaney/Desktop/mod4/capstone/tddah_be/app/poros/coverage/repo.rb": {
        "lines": [
          1,
          1,
          1,
          null,
          1,
          3,
          3,
          3,
          3,
          3,
          null,
          null,
          null
        ]
      },
      "/Users/mirandadelaney/Desktop/mod4/capstone/tddah_be/app/serializers/repo_serializer.rb": {
        "lines": [
          1,
          1,
          null,
          1,
          null
        ]
      },
      "/Users/mirandadelaney/Desktop/mod4/capstone/tddah_be/app/controllers/api/v1/users_controller.rb": {
        "lines": [
          1,
          null,
          null,
          1,
          1,
          1,
          null,
          null,
          null,
          1,
          1,
          1,
          null,
          null,
          null,
          1,
          2,
          null,
          2,
          1,
          null,
          1,
          null,
          null,
          null,
          null,
          1,
          1,
          1,
          null,
          null,
          1,
          null,
          1,
          2,
          null,
          null
        ]
      },
      "/Users/mirandadelaney/Desktop/mod4/capstone/tddah_be/app/serializers/user_serializer.rb": {
        "lines": [
          1,
          null,
          1,
          null,
          1,
          null
        ]
      }
    },
    "timestamp": 1713206091
  }
}
